[25Jun2025 00:01:45.376] [Server thread/INFO] [net.minecraft.server.MinecraftServer/]: [Not Secure] <zVqazy> facu
[25Jun2025 00:01:47.423] [Server thread/INFO] [net.minecraft.server.MinecraftServer/]: [Not Secure] <zVqazy> cuevasa
[25Jun2025 00:01:48.077] [Server thread/INFO] [net.minecraft.server.MinecraftServer/]: [Not Secure] <Armor95> q
[25Jun2025 00:01:49.086] [Server thread/INFO] [net.minecraft.server.MinecraftServer/]: [Not Secure] <zVqazy> mas aldea
[25Jun2025 00:01:53.758] [Server thread/INFO] [net.minecraft.server.MinecraftServer/]: [Not Secure] <Armor95> void perame
[25Jun2025 00:02:09.321] [Server thread/WARN] [net.minecraft.server.level.ServerPlayerGameMode/]: Mismatch in destroy block pos: BlockPos{x=-1343, y=72, z=526} BlockPos{x=-1344, y=72, z=527}
[25Jun2025 00:06:02.281] [Server thread/INFO] [net.minecraft.server.MinecraftServer/]: [Not Secure] <zVqazy> aca hay otra cueva aunque creo que es pequeña
[25Jun2025 00:06:28.871] [Server thread/INFO] [net.minecraft.server.MinecraftServer/]: [Not Secure] <zVqazy> mira alla
[25Jun2025 00:07:03.696] [Worker-Main-12/WARN] [net.minecraft.server.level.WorldGenRegion/]: Tried to access a block entity before it was created. BlockPos{x=-1007, y=-5, z=765}
[25Jun2025 00:07:21.572] [Server thread/ERROR] [net.minecraft.Util/]: POI data mismatch: already registered at BlockPos{x=-1009, y=38, z=1003}
[25Jun2025 00:07:21.573] [Server thread/ERROR] [net.minecraft.Util/]: POI data mismatch: already registered at BlockPos{x=-1009, y=38, z=1002}
[25Jun2025 00:07:30.046] [Server thread/INFO] [net.minecraft.server.MinecraftServer/]: Armor95 has made the advancement [Ice Bucket Challenge]
[25Jun2025 00:08:36.500] [Server thread/WARN] [net.minecraft.server.level.ServerPlayerGameMode/]: Mismatch in destroy block pos: BlockPos{x=-1269, y=88, z=730} BlockPos{x=-1268, y=88, z=731}
[25Jun2025 00:08:49.876] [Server thread/INFO] [net.minecraft.server.MinecraftServer/]: BoyfriendArg2004 has made the advancement [Penteconter]
[25Jun2025 00:11:05.827] [Server thread/INFO] [net.minecraft.server.MinecraftServer/]: [Not Secure] <zVqazy> acepta tp
[25Jun2025 00:13:05.837] [Server thread/INFO] [net.minecraft.server.MinecraftServer/]: [Not Secure] <zVqazy> vamos a la primera cueva
[25Jun2025 00:13:47.323] [Server thread/INFO] [net.minecraft.server.MinecraftServer/]: zVqazy fell from a high place
[25Jun2025 00:13:49.992] [Server thread/INFO] [net.minecraft.server.MinecraftServer/]: [Not Secure] <zVqazy> XD
[25Jun2025 00:14:38.222] [Server thread/INFO] [net.minecraft.server.MinecraftServer/]: [Not Secure] <zVqazy> ya
[25Jun2025 00:15:02.906] [Worker-Main-11/ERROR] [net.minecraft.world.entity.decoration.HangingEntity/]: Hanging entity at invalid position: BlockPos{x=-195, y=-54, z=-92}
[25Jun2025 00:15:02.906] [Worker-Main-11/ERROR] [net.minecraft.world.entity.decoration.HangingEntity/]: Hanging entity at invalid position: BlockPos{x=-192, y=-54, z=-88}
[25Jun2025 00:15:02.906] [Worker-Main-11/ERROR] [net.minecraft.world.entity.decoration.HangingEntity/]: Hanging entity at invalid position: BlockPos{x=-192, y=-50, z=-85}
[25Jun2025 00:15:02.907] [Worker-Main-11/ERROR] [net.minecraft.world.entity.decoration.HangingEntity/]: Hanging entity at invalid position: BlockPos{x=-183, y=-51, z=-89}
[25Jun2025 00:15:02.907] [Worker-Main-11/ERROR] [net.minecraft.world.entity.decoration.HangingEntity/]: Hanging entity at invalid position: BlockPos{x=-186, y=-50, z=-90}
[25Jun2025 00:15:02.909] [Worker-Main-11/ERROR] [net.minecraft.world.entity.decoration.HangingEntity/]: Hanging entity at invalid position: BlockPos{x=-186, y=-45, z=-87}
[25Jun2025 00:15:02.909] [Worker-Main-11/ERROR] [net.minecraft.world.entity.decoration.HangingEntity/]: Hanging entity at invalid position: BlockPos{x=-189, y=-45, z=-84}
[25Jun2025 00:15:02.916] [Worker-Main-11/ERROR] [net.minecraft.world.entity.decoration.HangingEntity/]: Hanging entity at invalid position: BlockPos{x=-291, y=-57, z=-315}
[25Jun2025 00:15:02.916] [Worker-Main-11/ERROR] [net.minecraft.world.entity.decoration.HangingEntity/]: Hanging entity at invalid position: BlockPos{x=-292, y=-57, z=-313}
[25Jun2025 00:15:02.916] [Worker-Main-11/ERROR] [net.minecraft.world.entity.decoration.HangingEntity/]: Hanging entity at invalid position: BlockPos{x=-294, y=-57, z=-313}
[25Jun2025 00:15:02.916] [Worker-Main-11/ERROR] [net.minecraft.world.entity.decoration.HangingEntity/]: Hanging entity at invalid position: BlockPos{x=-296, y=-57, z=-313}
[25Jun2025 00:15:02.917] [Worker-Main-11/ERROR] [net.minecraft.world.entity.decoration.HangingEntity/]: Hanging entity at invalid position: BlockPos{x=-295, y=-57, z=-315}
[25Jun2025 00:15:02.917] [Worker-Main-11/ERROR] [net.minecraft.world.entity.decoration.HangingEntity/]: Hanging entity at invalid position: BlockPos{x=-293, y=-57, z=-315}
[25Jun2025 00:15:03.136] [Worker-Main-32/ERROR] [net.minecraft.world.entity.decoration.HangingEntity/]: Hanging entity at invalid position: BlockPos{x=-192, y=-54, z=-74}
[25Jun2025 00:15:03.137] [Worker-Main-32/ERROR] [net.minecraft.world.entity.decoration.HangingEntity/]: Hanging entity at invalid position: BlockPos{x=-192, y=-50, z=-77}
[25Jun2025 00:15:03.137] [Worker-Main-32/ERROR] [net.minecraft.world.entity.decoration.HangingEntity/]: Hanging entity at invalid position: BlockPos{x=-187, y=-50, z=-72}
[25Jun2025 00:15:03.137] [Worker-Main-32/ERROR] [net.minecraft.world.entity.decoration.HangingEntity/]: Hanging entity at invalid position: BlockPos{x=-184, y=-45, z=-75}
[25Jun2025 00:15:03.137] [Worker-Main-32/ERROR] [net.minecraft.world.entity.decoration.HangingEntity/]: Hanging entity at invalid position: BlockPos{x=-182, y=-45, z=-75}
[25Jun2025 00:15:11.414] [Worker-Main-12/ERROR] [net.minecraft.world.entity.decoration.HangingEntity/]: Hanging entity at invalid position: BlockPos{x=-178, y=-45, z=-85}
[25Jun2025 00:15:11.414] [Worker-Main-12/ERROR] [net.minecraft.world.entity.decoration.HangingEntity/]: Hanging entity at invalid position: BlockPos{x=-178, y=-41, z=-89}
[25Jun2025 00:15:11.414] [Worker-Main-12/ERROR] [net.minecraft.world.entity.decoration.HangingEntity/]: Hanging entity at invalid position: BlockPos{x=-172, y=-54, z=-92}
[25Jun2025 00:15:11.415] [Worker-Main-12/ERROR] [net.minecraft.world.entity.decoration.HangingEntity/]: Hanging entity at invalid position: BlockPos{x=-172, y=-54, z=-93}
[25Jun2025 00:15:11.415] [Worker-Main-12/ERROR] [net.minecraft.world.entity.decoration.HangingEntity/]: Hanging entity at invalid position: BlockPos{x=-175, y=-41, z=-90}
[25Jun2025 00:15:11.433] [Worker-Main-12/ERROR] [net.minecraft.world.entity.decoration.HangingEntity/]: Hanging entity at invalid position: BlockPos{x=-177, y=-55, z=-77}
[25Jun2025 00:15:11.433] [Worker-Main-12/ERROR] [net.minecraft.world.entity.decoration.HangingEntity/]: Hanging entity at invalid position: BlockPos{x=-181, y=-50, z=-73}
[25Jun2025 00:15:11.434] [Worker-Main-12/ERROR] [net.minecraft.world.entity.decoration.HangingEntity/]: Hanging entity at invalid position: BlockPos{x=-172, y=-54, z=-70}
[25Jun2025 00:17:41.288] [Server thread/INFO] [net.minecraft.server.MinecraftServer/]: [Not Secure] <zVqazy> llendome a la cueva de la aldea XD
[25Jun2025 00:18:12.916] [Server thread/INFO] [net.minecraft.world.entity.npc.Villager/]: Villager Villager['Shepherd'/114936, l='ServerLevel[world]', x=-1229.70, y=93.00, z=792.70] died, message: 'Shepherd was slain by Zombie'
[25Jun2025 00:18:25.271] [Server thread/INFO] [net.minecraft.world.entity.npc.Villager/]: Villager Villager['Farmer'/114959, l='ServerLevel[world]', x=-1234.36, y=90.00, z=787.71] died, message: 'Farmer was slain by Zombie Villager'
[25Jun2025 00:18:59.141] [Server thread/INFO] [net.minecraft.server.MinecraftServer/]: [Not Secure] <zVqazy> que cueva basura XD
[25Jun2025 00:20:43.191] [Server thread/INFO] [net.minecraft.server.MinecraftServer/]: [Not Secure] <zVqazy> XD
[25Jun2025 00:20:56.680] [Server thread/INFO] [net.minecraft.server.MinecraftServer/]: [Not Secure] <zVqazy> espera este mod ya lo probe alli hay un monton de mounstruos
[25Jun2025 00:21:11.537] [Server thread/INFO] [net.minecraft.server.MinecraftServer/]: [Not Secure] <zVqazy> ten cuidado
[25Jun2025 00:21:23.477] [Server thread/INFO] [net.minecraft.server.MinecraftServer/]: [Not Secure] <zVqazy> no tienen kb los zombies XD
[25Jun2025 00:21:32.128] [Server thread/ERROR] [net.minecraft.Util/]: POI data mismatch: already registered at BlockPos{x=-1776, y=-12, z=543}
[25Jun2025 00:24:17.243] [Server thread/INFO] [net.minecraft.server.MinecraftServer/]: [Not Secure] <zVqazy> creo que no tienen kb o no se
[25Jun2025 00:25:31.047] [Server thread/INFO] [net.minecraft.server.MinecraftServer/]: [Not Secure] <zVqazy> pegan como mrd
[25Jun2025 00:25:44.060] [Server thread/INFO] [net.minecraft.server.MinecraftServer/]: Armor95 was slain by Husk
[25Jun2025 00:26:05.009] [Server thread/INFO] [net.minecraft.server.MinecraftServer/]: BoyfriendArg2004 was slain by Husk
[25Jun2025 00:26:20.230] [Server thread/INFO] [net.minecraft.server.MinecraftServer/]: [Not Secure] <zVqazy> suban
[25Jun2025 00:26:54.861] [Server thread/INFO] [net.minecraft.server.MinecraftServer/]: [Not Secure] <zVqazy> no
[25Jun2025 00:27:10.107] [Server thread/INFO] [net.minecraft.server.MinecraftServer/]: Armor95 was slain by Skeleton
[25Jun2025 00:27:36.211] [Server thread/INFO] [net.minecraft.server.MinecraftServer/]: Armor95 was slain by Husk
[25Jun2025 00:27:36.708] [Server thread/INFO] [net.minecraft.server.MinecraftServer/]: BoyfriendArg2004 was slain by Husk
[25Jun2025 00:27:59.465] [Server thread/INFO] [net.minecraft.server.MinecraftServer/]: [Not Secure] <zVqazy> traigan las camas aqui
[25Jun2025 00:28:30.665] [Server thread/INFO] [net.minecraft.server.MinecraftServer/]: [Not Secure] <zVqazy> era al revez XD
[25Jun2025 00:29:07.839] [Server thread/INFO] [net.minecraft.server.MinecraftServer/]: [Not Secure] <zVqazy> yo puse mi cama alli
[25Jun2025 00:29:31.266] [Server thread/INFO] [net.minecraft.server.MinecraftServer/]: [Not Secure] <zVqazy> el tpa se enfria
[25Jun2025 00:29:58.716] [Server thread/INFO] [net.minecraft.server.MinecraftServer/]: [Not Secure] <zVqazy> facu manda tpa a mi
[25Jun2025 00:30:03.964] [Server thread/INFO] [net.minecraft.server.network.ServerGamePacketListenerImpl/]: Armor95 lost connection: Kicked for spamming
[25Jun2025 00:30:03.964] [Server thread/INFO] [net.minecraft.server.MinecraftServer/]: Armor95 left the game
[25Jun2025 00:30:03.964] [Server thread/INFO] [xaero.pac.OpenPartiesAndClaims/]: Updating all forceload tickets for 395abf40-9d0b-34c9-b405-20e74c765288
[25Jun2025 00:30:22.220] [Server thread/INFO] [net.minecraft.server.players.PlayerList/]: Armor95[/127.47.162.109:58205] logged in with entity id 123637 at (133.8314760171064, 87.0, 102.18486956905534)
[25Jun2025 00:30:22.224] [Server thread/INFO] [ModernFix/]: Using enhanced recipe sync for player Armor95
[25Jun2025 00:30:22.225] [Server thread/INFO] [net.minecraft.server.MinecraftServer/]: Armor95 joined the game
[25Jun2025 00:30:22.261] [Server thread/INFO] [xaero.pac.OpenPartiesAndClaims/]: Updating all forceload tickets for 395abf40-9d0b-34c9-b405-20e74c765288
[25Jun2025 00:30:44.996] [Server thread/INFO] [net.minecraft.server.MinecraftServer/]: [Not Secure] <zVqazy> tienes que esperar
[25Jun2025 00:30:50.651] [Server thread/INFO] [net.minecraft.server.MinecraftServer/]: [Not Secure] <zVqazy> se esta enfriando Xd
[25Jun2025 00:31:45.981] [Server thread/INFO] [net.minecraft.server.MinecraftServer/]: Armor95 fell from a high place
[25Jun2025 00:33:38.108] [Server thread/INFO] [net.minecraft.server.MinecraftServer/]: Armor95 was slain by Skeleton
[25Jun2025 00:34:00.508] [Server thread/INFO] [net.minecraft.server.MinecraftServer/]: zVqazy was slain by Skeleton
[25Jun2025 00:36:50.958] [Server thread/INFO] [net.minecraft.server.MinecraftServer/]: BoyfriendArg2004 was slain by Husk
[25Jun2025 00:42:50.760] [Server thread/INFO] [net.minecraft.server.MinecraftServer/]: BoyfriendArg2004 has made the advancement [Cover Me with Diamonds]
[25Jun2025 00:42:54.273] [Server thread/INFO] [net.minecraft.server.MinecraftServer/]: zVqazy has made the advancement [Diamonds!]
[25Jun2025 00:43:06.888] [Server thread/INFO] [net.minecraft.server.MinecraftServer/]: [Not Secure] <BoyfriendArg2004> FACU
[25Jun2025 00:43:11.784] [Server thread/INFO] [net.minecraft.server.MinecraftServer/]: [Not Secure] <BoyfriendArg2004> NO TE ESCUCHO
[25Jun2025 00:43:19.326] [Server thread/INFO] [net.minecraft.server.MinecraftServer/]: [Not Secure] <Armor95> xd
[25Jun2025 00:43:40.178] [Server thread/INFO] [net.minecraft.server.MinecraftServer/]: zVqazy has made the advancement [Ice Bucket Challenge]
[25Jun2025 00:44:06.010] [Server thread/INFO] [net.minecraft.server.MinecraftServer/]: BoyfriendArg2004 was slain by Husk
[25Jun2025 00:44:15.823] [Server thread/WARN] [net.minecraft.server.level.ServerPlayerGameMode/]: Mismatch in destroy block pos: BlockPos{x=0, y=0, z=0} BlockPos{x=138, y=94, z=90}
[25Jun2025 00:44:16.439] [Server thread/WARN] [net.minecraft.server.level.ServerPlayerGameMode/]: Mismatch in destroy block pos: BlockPos{x=0, y=0, z=0} BlockPos{x=138, y=95, z=87}
[25Jun2025 00:44:16.493] [Server thread/WARN] [net.minecraft.server.level.ServerPlayerGameMode/]: Mismatch in destroy block pos: BlockPos{x=0, y=0, z=0} BlockPos{x=139, y=95, z=87}
[25Jun2025 00:44:16.580] [Server thread/WARN] [net.minecraft.server.level.ServerPlayerGameMode/]: Mismatch in destroy block pos: BlockPos{x=0, y=0, z=0} BlockPos{x=139, y=95, z=86}
[25Jun2025 00:44:45.180] [Server thread/INFO] [net.minecraft.server.MinecraftServer/]: [Not Secure] <BoyfriendArg2004> aceptaa
[25Jun2025 00:44:47.227] [Server thread/WARN] [net.minecraft.server.level.ServerPlayerGameMode/]: Mismatch in destroy block pos: BlockPos{x=0, y=0, z=0} BlockPos{x=138, y=97, z=78}
[25Jun2025 00:44:47.289] [Server thread/WARN] [net.minecraft.server.level.ServerPlayerGameMode/]: Mismatch in destroy block pos: BlockPos{x=0, y=0, z=0} BlockPos{x=138, y=98, z=77}
[25Jun2025 00:44:47.820] [Server thread/WARN] [net.minecraft.server.level.ServerPlayerGameMode/]: Mismatch in destroy block pos: BlockPos{x=0, y=0, z=0} BlockPos{x=138, y=99, z=75}
[25Jun2025 00:44:48.146] [Server thread/WARN] [net.minecraft.server.level.ServerPlayerGameMode/]: Mismatch in destroy block pos: BlockPos{x=0, y=0, z=0} BlockPos{x=137, y=99, z=75}
[25Jun2025 00:44:48.250] [Server thread/WARN] [net.minecraft.server.level.ServerPlayerGameMode/]: Mismatch in destroy block pos: BlockPos{x=0, y=0, z=0} BlockPos{x=137, y=100, z=74}
[25Jun2025 00:44:48.970] [Server thread/WARN] [net.minecraft.server.level.ServerPlayerGameMode/]: Mismatch in destroy block pos: BlockPos{x=0, y=0, z=0} BlockPos{x=139, y=101, z=74}
[25Jun2025 00:44:49.020] [Server thread/WARN] [net.minecraft.server.level.ServerPlayerGameMode/]: Mismatch in destroy block pos: BlockPos{x=0, y=0, z=0} BlockPos{x=140, y=100, z=74}
[25Jun2025 00:44:49.043] [Server thread/WARN] [net.minecraft.server.level.ServerPlayerGameMode/]: Mismatch in destroy block pos: BlockPos{x=0, y=0, z=0} BlockPos{x=141, y=100, z=74}
[25Jun2025 00:44:50.647] [Server thread/WARN] [net.minecraft.server.level.ServerPlayerGameMode/]: Mismatch in destroy block pos: BlockPos{x=0, y=0, z=0} BlockPos{x=144, y=102, z=73}
[25Jun2025 00:44:51.141] [Server thread/WARN] [net.minecraft.server.level.ServerPlayerGameMode/]: Mismatch in destroy block pos: BlockPos{x=0, y=0, z=0} BlockPos{x=142, y=103, z=72}
[25Jun2025 00:44:55.571] [Server thread/INFO] [net.minecraft.server.network.ServerGamePacketListenerImpl/]: BoyfriendArg2004 lost connection: Disconnected
[25Jun2025 00:44:55.571] [Server thread/INFO] [net.minecraft.server.MinecraftServer/]: BoyfriendArg2004 left the game
[25Jun2025 00:44:55.572] [Server thread/INFO] [xaero.pac.OpenPartiesAndClaims/]: Updating all forceload tickets for b04a954b-9004-378a-a27a-430b2bbdb8a4
[25Jun2025 00:45:08.205] [ForkJoinPool.commonPool-worker-62/WARN] [SkinRestorer/]: Failed to fetch skin: not found
[25Jun2025 00:45:08.232] [Server thread/INFO] [net.minecraft.server.players.PlayerList/]: BoyfriendArg2004[/127.68.100.184:57027] logged in with entity id 130047 at (135.83449092346618, 105.0, 68.65261053597459)
[25Jun2025 00:45:08.236] [Server thread/INFO] [ModernFix/]: Using enhanced recipe sync for player BoyfriendArg2004
[25Jun2025 00:45:08.237] [Server thread/INFO] [net.minecraft.server.MinecraftServer/]: BoyfriendArg2004 joined the game
[25Jun2025 00:45:08.282] [Server thread/INFO] [xaero.pac.OpenPartiesAndClaims/]: Updating all forceload tickets for b04a954b-9004-378a-a27a-430b2bbdb8a4
[25Jun2025 00:45:26.383] [Server thread/INFO] [net.minecraft.server.MinecraftServer/]: [Not Secure] <BoyfriendArg2004> listo
[25Jun2025 00:47:35.815] [Server thread/INFO] [net.minecraft.server.MinecraftServer/]: zVqazy was slain by Skeleton
[25Jun2025 00:48:13.563] [Server thread/INFO] [net.minecraft.server.MinecraftServer/]: zVqazy was slain by Skeleton
[25Jun2025 00:49:21.233] [Server thread/INFO] [net.minecraft.server.MinecraftServer/]: [Not Secure] <BoyfriendArg2004> sal
[25Jun2025 00:51:02.628] [Server thread/INFO] [net.minecraft.server.MinecraftServer/]: zVqazy fell from a high place
[25Jun2025 00:52:40.366] [Server thread/INFO] [net.minecraft.server.MinecraftServer/]: Armor95 has made the advancement [Ol' Betsy]
[25Jun2025 00:52:40.517] [Server thread/INFO] [net.minecraft.server.MinecraftServer/]: Armor95 has made the advancement [Take Aim]
[25Jun2025 00:54:27.216] [Server thread/INFO] [net.minecraft.server.MinecraftServer/]: Armor95 has made the advancement [Penteconter]
[25Jun2025 00:57:46.329] [Server thread/INFO] [net.minecraft.server.MinecraftServer/]: zVqazy has made the advancement [Penteconter]
[25Jun2025 00:59:33.725] [Server thread/INFO] [net.minecraft.server.MinecraftServer/]: [Not Secure] <zVqazy> ellos
[25Jun2025 01:01:02.763] [Server thread/INFO] [net.minecraft.server.MinecraftServer/]: Armor95 was slain by Skeleton
[25Jun2025 01:02:15.516] [Server thread/INFO] [net.minecraft.server.MinecraftServer/]: [Not Secure] [Server] cuando yo diga ma, utede disen nigga
[25Jun2025 01:02:17.070] [Server thread/INFO] [net.minecraft.server.MinecraftServer/]: [Not Secure] [Server] ma
[25Jun2025 01:02:24.365] [Server thread/INFO] [net.minecraft.server.MinecraftServer/]: [Not Secure] <Armor95> nigga
[25Jun2025 01:02:27.514] [Server thread/INFO] [net.minecraft.server.MinecraftServer/]: [Not Secure] [Server] ma
[25Jun2025 01:02:30.919] [Server thread/INFO] [net.minecraft.server.MinecraftServer/]: [Not Secure] <Armor95> nigga
[25Jun2025 01:02:50.917] [Server thread/INFO] [net.minecraft.server.MinecraftServer/]: [Not Secure] [Server] lo moreno cuando freno me dicen llego el niga, lo moreno cuando freno me dicen llego el niga
[25Jun2025 01:02:58.739] [Server thread/INFO] [net.minecraft.server.MinecraftServer/]: [Not Secure] <Armor95> XD
[25Jun2025 01:03:06.892] [Worker-Main-11/WARN] [net.minecraft.world.level.levelgen.structure.pools.JigsawPlacement/]: Empty or non-existent pool: dungeons_arise:underworld/foundry/foundry_corridor_gears
[25Jun2025 01:03:06.892] [Worker-Main-11/WARN] [net.minecraft.world.level.levelgen.structure.pools.JigsawPlacement/]: Empty or non-existent pool: dungeons_arise:underworld/foundry/foundry_corridor_gears
[25Jun2025 01:03:06.965] [Worker-Main-11/WARN] [net.minecraft.world.level.levelgen.structure.pools.JigsawPlacement/]: Empty or non-existent pool: dungeons_arise:underworld/foundry/foundry_corridor_gears
[25Jun2025 01:03:06.965] [Worker-Main-11/WARN] [net.minecraft.world.level.levelgen.structure.pools.JigsawPlacement/]: Empty or non-existent pool: dungeons_arise:underworld/foundry/foundry_corridor_gears
[25Jun2025 01:03:10.890] [Server thread/WARN] [net.minecraft.server.MinecraftServer/]: Can't keep up! Is the server overloaded? Running 5039ms or 100 ticks behind
[25Jun2025 01:03:35.714] [Server thread/INFO] [net.minecraft.server.MinecraftServer/]: [Not Secure] <zVqazy> tengo mapa
[25Jun2025 01:04:42.523] [Server thread/INFO] [net.minecraft.server.players.PlayerList/]: untalRichi[/127.245.151.36:43899] logged in with entity id 134372 at (922.5641405304617, 62.0, -117.34085045813805)
[25Jun2025 01:04:42.527] [Server thread/INFO] [ModernFix/]: Using enhanced recipe sync for player untalRichi
[25Jun2025 01:04:42.536] [Server thread/INFO] [net.minecraft.server.MinecraftServer/]: untalRichi joined the game
[25Jun2025 01:04:42.544] [Server thread/INFO] [xaero.pac.OpenPartiesAndClaims/]: Updating all forceload tickets for 227402b2-21f0-3b68-9bf0-0c80b7cab6b0
[25Jun2025 01:06:15.274] [Server thread/INFO] [net.minecraft.server.MinecraftServer/]: [Not Secure] <zVqazy> te dare el mapa
[25Jun2025 01:06:50.480] [Server thread/INFO] [net.minecraft.server.MinecraftServer/]: [Not Secure] <zVqazy> XD
[25Jun2025 01:07:09.150] [Server thread/INFO] [net.minecraft.server.MinecraftServer/]: [Not Secure] <zVqazy> tengo 2 diamantes
[25Jun2025 01:08:17.624] [Server thread/INFO] [net.minecraft.server.MinecraftServer/]: [Not Secure] <zVqazy> oh yara y mi mochila XDDD
[25Jun2025 01:08:29.826] [Server thread/INFO] [net.minecraft.server.MinecraftServer/]: [Not Secure] <zVqazy> saqueastes eso?
[25Jun2025 01:10:40.824] [Server thread/WARN] [net.minecraft.server.network.ServerGamePacketListenerImpl/]: untalRichi was kicked for floating too long!
[25Jun2025 01:10:40.873] [Server thread/INFO] [net.minecraft.server.network.ServerGamePacketListenerImpl/]: untalRichi lost connection: Flying is not enabled on this server
[25Jun2025 01:10:40.873] [Server thread/INFO] [net.minecraft.server.MinecraftServer/]: untalRichi left the game
[25Jun2025 01:10:40.873] [Server thread/INFO] [xaero.pac.OpenPartiesAndClaims/]: Updating all forceload tickets for 227402b2-21f0-3b68-9bf0-0c80b7cab6b0
[25Jun2025 01:10:52.476] [Server thread/INFO] [net.minecraft.server.players.PlayerList/]: untalRichi[/127.245.151.36:41473] logged in with entity id 136865 at (920.7275971577122, 64.24918707874468, -152.04580476646797)
[25Jun2025 01:10:52.479] [Server thread/INFO] [ModernFix/]: Using enhanced recipe sync for player untalRichi
[25Jun2025 01:10:52.486] [Server thread/INFO] [net.minecraft.server.MinecraftServer/]: untalRichi joined the game
[25Jun2025 01:10:52.493] [Server thread/INFO] [xaero.pac.OpenPartiesAndClaims/]: Updating all forceload tickets for 227402b2-21f0-3b68-9bf0-0c80b7cab6b0
[25Jun2025 01:12:00.562] [Worker-Main-32/ERROR] [net.minecraft.world.entity.decoration.HangingEntity/]: Hanging entity at invalid position: BlockPos{x=-318, y=-45, z=-204}
[25Jun2025 01:12:00.563] [Worker-Main-32/ERROR] [net.minecraft.world.entity.decoration.HangingEntity/]: Hanging entity at invalid position: BlockPos{x=-318, y=-45, z=-202}
[25Jun2025 01:12:00.578] [Worker-Main-32/ERROR] [net.minecraft.world.entity.decoration.HangingEntity/]: Hanging entity at invalid position: BlockPos{x=-320, y=-45, z=-203}
[25Jun2025 01:13:25.448] [Server thread/INFO] [net.minecraft.server.MinecraftServer/]: [Not Secure] <zVqazy> no
[25Jun2025 01:13:29.036] [Server thread/INFO] [net.minecraft.server.MinecraftServer/]: [Not Secure] <untalRichi> si
[25Jun2025 01:14:22.437] [Server thread/INFO] [net.minecraft.server.MinecraftServer/]: [Not Secure] <BoyfriendArg2004> bueee calmate bro
[25Jun2025 01:14:51.881] [Server thread/INFO] [net.minecraft.server.MinecraftServer/]: [Not Secure] <BoyfriendArg2004> esta bien calentito y creo q quiere cum
[25Jun2025 01:15:10.936] [Server thread/INFO] [net.minecraft.server.MinecraftServer/]: [Not Secure] <zVqazy> oe facy
[25Jun2025 01:15:17.497] [Server thread/INFO] [net.minecraft.server.MinecraftServer/]: [Not Secure] <zVqazy> tpeate
[25Jun2025 01:15:19.530] [Server thread/INFO] [net.minecraft.server.MinecraftServer/]: [Not Secure] <zVqazy> a mi
[25Jun2025 01:15:54.827] [Server thread/INFO] [net.minecraft.server.MinecraftServer/]: zVqazy has made the advancement [Frosted Prison]
[25Jun2025 01:16:00.823] [Server thread/INFO] [net.minecraft.server.MinecraftServer/]: Armor95 has made the advancement [Frosted Prison]
[25Jun2025 01:16:18.026] [Server thread/INFO] [net.minecraft.server.MinecraftServer/]: [Not Secure] <zVqazy> a la
[25Jun2025 01:16:28.025] [Server thread/INFO] [net.minecraft.server.MinecraftServer/]: [Not Secure] <zVqazy> cuidado
[25Jun2025 01:16:48.777] [Server thread/INFO] [net.minecraft.server.MinecraftServer/]: [Not Secure] <zVqazy> facu pone camaa
[25Jun2025 01:17:28.613] [Server thread/INFO] [net.minecraft.server.MinecraftServer/]: zVqazy was slain by Royal Draugr
[25Jun2025 01:17:32.765] [Server thread/INFO] [net.minecraft.server.MinecraftServer/]: Armor95 was slain by Royal Draugr
[25Jun2025 01:17:33.039] [Server thread/INFO] [net.minecraft.server.MinecraftServer/]: [Not Secure] <zVqazy> CTM
[25Jun2025 01:17:58.440] [Server thread/INFO] [net.minecraft.server.MinecraftServer/]: untalRichi has made the advancement [Close Quarters]
[25Jun2025 01:18:23.185] [Server thread/INFO] [net.minecraft.server.MinecraftServer/]: untalRichi has made the advancement [Voluntary Exile]
[25Jun2025 01:18:53.375] [Server thread/INFO] [net.minecraft.server.MinecraftServer/]: [Not Secure] <zVqazy> tenes mi espada?
[25Jun2025 01:19:25.776] [Server thread/INFO] [net.minecraft.server.MinecraftServer/]: [Not Secure] <zVqazy> no tengo anda
[25Jun2025 01:20:05.042] [Server thread/INFO] [net.minecraft.server.MinecraftServer/]: zVqazy has made the advancement [The Cutest Predator]
[25Jun2025 01:20:17.035] [Server thread/INFO] [net.minecraft.server.MinecraftServer/]: [Not Secure] <zVqazy> XD
[25Jun2025 01:20:25.939] [Server thread/INFO] [net.minecraft.server.MinecraftServer/]: [Not Secure] <zVqazy> pasame la espada
[25Jun2025 01:21:33.673] [Server thread/INFO] [net.minecraft.server.network.ServerGamePacketListenerImpl/]: BoyfriendArg2004 lost connection: Disconnected
[25Jun2025 01:21:33.674] [Server thread/INFO] [net.minecraft.server.MinecraftServer/]: BoyfriendArg2004 left the game
[25Jun2025 01:21:33.674] [Server thread/INFO] [xaero.pac.OpenPartiesAndClaims/]: Updating all forceload tickets for b04a954b-9004-378a-a27a-430b2bbdb8a4
[25Jun2025 01:21:34.708] [Server thread/INFO] [net.minecraft.server.MinecraftServer/]: Armor95 was slain by Draugr
[25Jun2025 01:21:34.867] [Server thread/INFO] [net.minecraft.server.MinecraftServer/]: [Not Secure] <zVqazy> cuidado
[25Jun2025 01:22:35.909] [Server thread/INFO] [net.minecraft.server.MinecraftServer/]: Armor95 was slain by Draugr
[25Jun2025 01:22:45.210] [ForkJoinPool.commonPool-worker-75/WARN] [SkinRestorer/]: Failed to fetch skin: not found
[25Jun2025 01:22:45.228] [Server thread/INFO] [net.minecraft.server.players.PlayerList/]: BoyfriendArg2004[/127.68.100.184:43059] logged in with entity id 150156 at (-1610.012499988079, 95.5, 685.6999999880791)
[25Jun2025 01:22:45.232] [Server thread/INFO] [ModernFix/]: Using enhanced recipe sync for player BoyfriendArg2004
[25Jun2025 01:22:45.233] [Server thread/INFO] [net.minecraft.server.MinecraftServer/]: BoyfriendArg2004 joined the game
[25Jun2025 01:22:45.241] [Server thread/INFO] [xaero.pac.OpenPartiesAndClaims/]: Updating all forceload tickets for b04a954b-9004-378a-a27a-430b2bbdb8a4
[25Jun2025 01:23:05.023] [Server thread/INFO] [net.minecraft.server.MinecraftServer/]: [Not Secure] <zVqazy> corre
[25Jun2025 01:23:15.357] [Server thread/INFO] [net.minecraft.server.network.ServerGamePacketListenerImpl/]: BoyfriendArg2004 lost connection: Timed out
[25Jun2025 01:23:15.357] [Server thread/INFO] [net.minecraft.server.MinecraftServer/]: BoyfriendArg2004 left the game
[25Jun2025 01:23:15.357] [Server thread/INFO] [xaero.pac.OpenPartiesAndClaims/]: Updating all forceload tickets for b04a954b-9004-378a-a27a-430b2bbdb8a4
[25Jun2025 01:24:00.676] [ForkJoinPool.commonPool-worker-75/WARN] [SkinRestorer/]: Failed to fetch skin: not found
[25Jun2025 01:24:00.728] [Server thread/INFO] [net.minecraft.server.players.PlayerList/]: BoyfriendArg2004[/127.68.100.184:56289] logged in with entity id 151276 at (-1610.012499988079, 95.5, 685.6999999880791)
[25Jun2025 01:24:00.732] [Server thread/INFO] [ModernFix/]: Using enhanced recipe sync for player BoyfriendArg2004
[25Jun2025 01:24:00.733] [Server thread/INFO] [net.minecraft.server.MinecraftServer/]: BoyfriendArg2004 joined the game
[25Jun2025 01:24:00.742] [Server thread/INFO] [xaero.pac.OpenPartiesAndClaims/]: Updating all forceload tickets for b04a954b-9004-378a-a27a-430b2bbdb8a4
[25Jun2025 01:24:12.469] [Server thread/INFO] [net.minecraft.server.MinecraftServer/]: zVqazy was slain by Draugr
[25Jun2025 01:24:19.131] [Server thread/INFO] [net.minecraft.server.MinecraftServer/]: [Not Secure] <zVqazy> -
[25Jun2025 01:24:28.580] [Server thread/WARN] [net.minecraft.server.level.ServerPlayerGameMode/]: Mismatch in destroy block pos: BlockPos{x=0, y=0, z=0} BlockPos{x=143, y=95, z=85}
[25Jun2025 01:24:28.655] [Server thread/WARN] [net.minecraft.server.level.ServerPlayerGameMode/]: Mismatch in destroy block pos: BlockPos{x=0, y=0, z=0} BlockPos{x=144, y=95, z=86}
[25Jun2025 01:24:28.656] [Server thread/WARN] [net.minecraft.server.level.ServerPlayerGameMode/]: Mismatch in destroy block pos: BlockPos{x=0, y=0, z=0} BlockPos{x=144, y=95, z=86}
[25Jun2025 01:24:30.852] [Server thread/INFO] [net.minecraft.server.network.ServerGamePacketListenerImpl/]: BoyfriendArg2004 lost connection: Timed out
[25Jun2025 01:24:30.852] [Server thread/INFO] [net.minecraft.server.MinecraftServer/]: BoyfriendArg2004 left the game
[25Jun2025 01:24:30.852] [Server thread/INFO] [xaero.pac.OpenPartiesAndClaims/]: Updating all forceload tickets for b04a954b-9004-378a-a27a-430b2bbdb8a4
[25Jun2025 01:24:48.025] [Server thread/WARN] [net.minecraft.server.network.ServerGamePacketListenerImpl/]: Armor95 moved too quickly! -10.020993543332224,0.32486510296786264,1.1107597120496848
[25Jun2025 01:24:49.720] [Server thread/INFO] [net.minecraft.server.MinecraftServer/]: [Not Secure] <zVqazy> dame bloques
[25Jun2025 01:24:53.322] [Server thread/WARN] [net.minecraft.server.network.ServerGamePacketListenerImpl/]: Armor95 was kicked for floating too long!
[25Jun2025 01:24:53.368] [Server thread/INFO] [net.minecraft.server.network.ServerGamePacketListenerImpl/]: Armor95 lost connection: Flying is not enabled on this server
[25Jun2025 01:24:53.368] [Server thread/INFO] [net.minecraft.server.MinecraftServer/]: Armor95 left the game
[25Jun2025 01:24:53.369] [Server thread/INFO] [xaero.pac.OpenPartiesAndClaims/]: Updating all forceload tickets for 395abf40-9d0b-34c9-b405-20e74c765288
[25Jun2025 01:24:57.166] [Server thread/INFO] [net.minecraft.server.network.ServerLoginPacketListenerImpl/]: com.mojang.authlib.GameProfile@7f050eaa[id=<null>,name=BoyfriendArg2004,properties={},legacy=false] (/127.68.100.184:49717) lost connection: Disconnected
[25Jun2025 01:25:09.287] [ForkJoinPool.commonPool-worker-75/WARN] [SkinRestorer/]: Failed to fetch skin: not found
[25Jun2025 01:25:09.334] [Server thread/INFO] [net.minecraft.server.players.PlayerList/]: BoyfriendArg2004[/127.68.100.184:57231] logged in with entity id 152797 at (-1610.012499988079, 95.5, 685.6999999880791)
[25Jun2025 01:25:09.338] [Server thread/INFO] [ModernFix/]: Using enhanced recipe sync for player BoyfriendArg2004
[25Jun2025 01:25:09.339] [Server thread/INFO] [net.minecraft.server.MinecraftServer/]: BoyfriendArg2004 joined the game
[25Jun2025 01:25:09.349] [Server thread/INFO] [xaero.pac.OpenPartiesAndClaims/]: Updating all forceload tickets for b04a954b-9004-378a-a27a-430b2bbdb8a4
[25Jun2025 01:25:33.190] [Server thread/INFO] [net.minecraft.server.players.PlayerList/]: Armor95[/127.47.162.109:47391] logged in with entity id 153277 at (-2629.293985421663, 64.00133597911214, 1476.2922564048733)
[25Jun2025 01:25:33.194] [Server thread/INFO] [ModernFix/]: Using enhanced recipe sync for player Armor95
[25Jun2025 01:25:33.196] [Server thread/INFO] [net.minecraft.server.MinecraftServer/]: Armor95 joined the game
[25Jun2025 01:25:33.250] [Server thread/INFO] [xaero.pac.OpenPartiesAndClaims/]: Updating all forceload tickets for 395abf40-9d0b-34c9-b405-20e74c765288
[25Jun2025 01:25:39.424] [Server thread/INFO] [net.minecraft.server.network.ServerGamePacketListenerImpl/]: BoyfriendArg2004 lost connection: Timed out
[25Jun2025 01:25:39.424] [Server thread/INFO] [net.minecraft.server.MinecraftServer/]: BoyfriendArg2004 left the game
[25Jun2025 01:25:39.424] [Server thread/INFO] [xaero.pac.OpenPartiesAndClaims/]: Updating all forceload tickets for b04a954b-9004-378a-a27a-430b2bbdb8a4
[25Jun2025 01:25:40.013] [Server thread/WARN] [net.minecraft.server.network.ServerGamePacketListenerImpl/]: Armor95 was kicked for floating too long!
[25Jun2025 01:25:40.065] [Server thread/INFO] [net.minecraft.server.network.ServerGamePacketListenerImpl/]: Armor95 lost connection: Flying is not enabled on this server
[25Jun2025 01:25:40.066] [Server thread/INFO] [net.minecraft.server.MinecraftServer/]: Armor95 left the game
[25Jun2025 01:25:40.066] [Server thread/INFO] [xaero.pac.OpenPartiesAndClaims/]: Updating all forceload tickets for 395abf40-9d0b-34c9-b405-20e74c765288
[25Jun2025 01:25:49.382] [Server thread/INFO] [net.minecraft.server.players.PlayerList/]: Armor95[/127.47.162.109:49803] logged in with entity id 153588 at (-2629.293985421663, 64.00133597911214, 1476.2922564048733)
[25Jun2025 01:25:49.386] [Server thread/INFO] [ModernFix/]: Using enhanced recipe sync for player Armor95
[25Jun2025 01:25:49.388] [Server thread/INFO] [net.minecraft.server.MinecraftServer/]: Armor95 joined the game
[25Jun2025 01:25:49.426] [Server thread/INFO] [xaero.pac.OpenPartiesAndClaims/]: Updating all forceload tickets for 395abf40-9d0b-34c9-b405-20e74c765288
[25Jun2025 01:26:09.243] [ForkJoinPool.commonPool-worker-75/WARN] [SkinRestorer/]: Failed to fetch skin: not found
[25Jun2025 01:26:09.303] [Server thread/INFO] [net.minecraft.server.players.PlayerList/]: BoyfriendArg2004[/127.68.100.184:33109] logged in with entity id 154059 at (-1610.012499988079, 95.5, 685.6999999880791)
[25Jun2025 01:26:09.307] [Server thread/INFO] [ModernFix/]: Using enhanced recipe sync for player BoyfriendArg2004
[25Jun2025 01:26:09.308] [Server thread/INFO] [net.minecraft.server.MinecraftServer/]: BoyfriendArg2004 joined the game
[25Jun2025 01:26:09.318] [Server thread/INFO] [xaero.pac.OpenPartiesAndClaims/]: Updating all forceload tickets for b04a954b-9004-378a-a27a-430b2bbdb8a4
[25Jun2025 01:26:39.877] [Server thread/INFO] [net.minecraft.world.entity.npc.Villager/]: Villager Villager['Cartographer'/151844, l='ServerLevel[world]', x=1432.21, y=82.00, z=-1282.70] died, message: 'Cartographer was slain by Vindicator'
[25Jun2025 01:27:06.424] [Server thread/INFO] [net.minecraft.world.entity.npc.Villager/]: Villager Villager['Villager'/152069, l='ServerLevel[world]', x=1426.74, y=86.77, z=-1313.34] died, message: 'Villager was slain by Vindicator'
[25Jun2025 01:28:09.021] [Server thread/INFO] [net.minecraft.server.MinecraftServer/]: zVqazy was slain by Draugr
[25Jun2025 01:28:22.734] [Server thread/INFO] [net.minecraft.server.MinecraftServer/]: [Not Secure] <zVqazy> estoy en el inicio
[25Jun2025 01:28:25.584] [Server thread/INFO] [net.minecraft.server.MinecraftServer/]: [Not Secure] <zVqazy> XD
[25Jun2025 01:28:58.251] [Server thread/INFO] [net.minecraft.server.network.ServerGamePacketListenerImpl/]: Armor95 lost connection: Disconnected
[25Jun2025 01:28:58.251] [Server thread/INFO] [net.minecraft.server.MinecraftServer/]: Armor95 left the game
[25Jun2025 01:28:58.251] [Server thread/INFO] [xaero.pac.OpenPartiesAndClaims/]: Updating all forceload tickets for 395abf40-9d0b-34c9-b405-20e74c765288
[25Jun2025 01:29:22.215] [Server thread/INFO] [net.minecraft.server.MinecraftServer/]: zVqazy has made the advancement [Smoke On The Water]
[25Jun2025 01:29:24.050] [Server thread/INFO] [net.minecraft.server.players.PlayerList/]: Armor95[/127.47.162.109:48973] logged in with entity id 159278 at (-2661.4588165319196, 63.0, 1035.6345148414184)
[25Jun2025 01:29:24.054] [Server thread/INFO] [ModernFix/]: Using enhanced recipe sync for player Armor95
[25Jun2025 01:29:24.055] [Server thread/INFO] [net.minecraft.server.MinecraftServer/]: Armor95 joined the game
[25Jun2025 01:29:24.098] [Server thread/INFO] [xaero.pac.OpenPartiesAndClaims/]: Updating all forceload tickets for 395abf40-9d0b-34c9-b405-20e74c765288
[25Jun2025 01:31:24.533] [Server thread/INFO] [net.minecraft.server.MinecraftServer/]: [Not Secure] <zVqazy> a ti=?
[25Jun2025 01:32:31.947] [Server thread/INFO] [net.minecraft.server.MinecraftServer/]: [Not Secure] <zVqazy> estoy recuoerabdi
[25Jun2025 01:32:47.484] [Server thread/INFO] [net.minecraft.server.MinecraftServer/]: [Not Secure] <zVqazy> ayudameee
[25Jun2025 01:32:48.743] [Server thread/INFO] [net.minecraft.server.MinecraftServer/]: [Not Secure] <zVqazy> XD}
[25Jun2025 01:33:35.537] [Server thread/INFO] [net.minecraft.server.MinecraftServer/]: [Not Secure] <zVqazy> ok
[25Jun2025 01:35:30.001] [Server thread/INFO] [net.minecraft.server.MinecraftServer/]: Stopping server
[25Jun2025 01:35:30.003] [Server thread/INFO] [net.minecraft.server.MinecraftServer/]: Saving players
[25Jun2025 01:35:30.034] [Server thread/INFO] [net.minecraft.server.network.ServerGamePacketListenerImpl/]: zVqazy lost connection: Server closed
[25Jun2025 01:35:30.035] [Server thread/INFO] [net.minecraft.server.MinecraftServer/]: zVqazy left the game
[25Jun2025 01:35:30.035] [Server thread/INFO] [xaero.pac.OpenPartiesAndClaims/]: Updating all forceload tickets for 8aa45e06-55bc-31b5-899e-25bcd6eed7ca
[25Jun2025 01:35:30.042] [Server thread/INFO] [net.minecraft.server.MinecraftServer/]: Saving worlds
[25Jun2025 01:35:31.251] [Server thread/INFO] [net.minecraft.server.MinecraftServer/]: Saving chunks for level 'ServerLevel[world]'/minecraft:overworld
[25Jun2025 01:35:34.784] [Server thread/INFO] [net.minecraft.server.MinecraftServer/]: Saving chunks for level 'ServerLevel[world]'/minecraft:the_end
[25Jun2025 01:35:34.792] [Server thread/INFO] [net.minecraft.server.MinecraftServer/]: Saving chunks for level 'ServerLevel[world]'/minecraft:the_nether
[25Jun2025 01:35:34.831] [Server thread/INFO] [net.minecraft.server.MinecraftServer/]: ThreadedAnvilChunkStorage (world): All chunks are saved
[25Jun2025 01:35:34.831] [Server thread/INFO] [net.minecraft.server.MinecraftServer/]: ThreadedAnvilChunkStorage (DIM1): All chunks are saved
[25Jun2025 01:35:34.831] [Server thread/INFO] [net.minecraft.server.MinecraftServer/]: ThreadedAnvilChunkStorage (DIM-1): All chunks are saved
[25Jun2025 01:35:34.831] [Server thread/INFO] [net.minecraft.server.MinecraftServer/]: ThreadedAnvilChunkStorage: All dimensions are saved
[25Jun2025 01:35:35.463] [Server thread/INFO] [xaero.pac.OpenPartiesAndClaims/]: Stopping IO worker...
[25Jun2025 01:35:35.463] [Server thread/INFO] [xaero.pac.OpenPartiesAndClaims/]: Stopped IO worker!
